2026-05-23 17:09:16,940 - db_logger -INFO - fetch_expense_summary called with start: 2024-08-01 end: 2024-08-05
2026-05-23 23:34:43,881 - db_logger -INFO - fetch_expense_summary called with start: 2024-08-01 end: 2024-08-05
2026-05-23 23:44:32,574 - db_logger -INFO - fetch_expenses_for_date called with 2024-08-02
2026-05-23 23:44:38,920 - db_logger -INFO - fetch_expenses_for_date called with 2024-08-01
2026-05-23 23:45:13,070 - db_logger -INFO - fetch_expenses_for_date called with 2024-08-01
2026-05-23 23:48:51,671 - db_logger -INFO - fetch_expenses_for_date called with 2024-08-01
2026-05-24 00:02:49,629 - db_logger -INFO - fetch_expenses_for_date called with 2024-08-01
2026-05-24 00:11:11,942 - db_logger -INFO - fetch_expenses_for_date called with 2024-08-01
2026-05-24 00:22:35,605 - db_logger -INFO - fetch_expenses_for_date called with 2024-08-01
2026-05-24 00:23:24,560 - db_logger -INFO - fetch_expenses_for_date called with 2024-08-01
2026-05-24 00:23:58,620 - db_logger -INFO - fetch_expenses_for_date called with 2024-08-01
2026-05-24 00:24:11,866 - db_logger -INFO - fetch_expenses_for_date called with 2024-08-01
2026-05-24 00:25:05,056 - db_logger -INFO - fetch_expenses_for_date called with 2024-08-01
2026-05-24 00:25:20,007 - db_logger -INFO - fetch_expenses_for_date called with 2024-08-01
2026-05-24 00:26:19,359 - db_logger -INFO - fetch_expenses_for_date called with 2024-08-01
2026-05-24 00:28:18,291 - db_logger -INFO - fetch_expenses_for_date called with 2024-08-01
2026-05-24 00:28:54,701 - db_logger -INFO - fetch_expenses_for_date called with 2024-08-01
2026-05-24 00:35:55,476 - db_logger -INFO - fetch_expenses_for_date called with 2024-08-01
2026-05-24 00:37:34,189 - db_logger -INFO - fetch_expenses_for_date called with 2024-08-02
2026-05-24 00:38:32,819 - db_logger -INFO - fetch_expenses_for_date called with 2024-08-02
2026-05-24 00:38:39,942 - db_logger -INFO - fetch_expenses_for_date called with 2024-08-02
2026-05-24 00:38:43,119 - db_logger -INFO - fetch_expenses_for_date called with 2024-08-01
2026-05-24 00:39:52,825 - db_logger -INFO - fetch_expenses_for_date called with 2024-08-01
2026-05-24 00:40:37,682 - db_logger -INFO - fetch_expenses_for_date called with 2024-08-01
2026-05-24 00:42:11,699 - db_logger -INFO - fetch_expenses_for_date called with 2024-08-01
2026-05-24 00:44:47,863 - db_logger -INFO - fetch_expenses_for_date called with 2024-08-01
2026-05-24 00:44:56,448 - db_logger -INFO - fetch_expenses_for_date called with 2024-08-02
2026-05-24 00:45:05,837 - db_logger -INFO - fetch_expenses_for_date called with 2024-08-01
2026-05-24 00:53:13,072 - db_logger -INFO - fetch_expenses_for_date called with 2024-08-01
2026-05-24 00:53:25,481 - db_logger -INFO - fetch_expenses_for_date called with 2026-05-23
2026-05-24 00:53:41,974 - db_logger -INFO - fetch_expenses_for_date called with 2026-05-23
2026-05-24 00:53:44,135 - db_logger -INFO - delete_expense_for_date called with 2026-05-23
2026-05-24 00:53:44,172 - db_logger -INFO - insert_expense called with date: 2026-05-23, amount: 1225.0,category: Rent, notes: Monthly rent payment
2026-05-24 00:53:44,234 - db_logger -INFO - insert_expense called with date: 2026-05-23, amount: 295.0,category: Food, notes: Groceries for the week
2026-05-24 00:53:44,269 - db_logger -INFO - insert_expense called with date: 2026-05-23, amount: 1194.0,category: Rent, notes: Monthly rent payment
2026-05-24 00:53:44,305 - db_logger -INFO - insert_expense called with date: 2026-05-23, amount: 299.0,category: Food, notes: Groceries for the week
2026-05-24 02:33:35,305 - db_logger -INFO - fetch_expense_summary called with : 2024-08-01 
2026-05-24 02:35:34,630 - db_logger -INFO - fetch_expense_summary called - fetching all months
2026-05-24 02:36:22,811 - db_logger -INFO - fetch_expense_summary called - fetching all months
2026-05-24 02:53:50,145 - db_logger -INFO - fetch_expenses_for_date called with 2024-08-01
2026-05-24 02:53:52,243 - db_logger -INFO - fetch_expense_summary called - fetching all months
2026-05-24 02:53:56,659 - db_logger -INFO - fetch_expenses_for_date called with 2024-08-01
2026-05-24 02:53:58,741 - db_logger -INFO - fetch_expense_summary called with start: 2024-08-01 end: 2024-08-06
2026-05-24 03:01:19,382 - db_logger -INFO - fetch_expenses_for_date called with 2024-08-01
2026-05-24 03:01:23,297 - db_logger -INFO - fetch_expenses_for_date called with 2024-08-01
2026-05-24 03:01:25,364 - db_logger -INFO - fetch_expense_summary called - fetching all months
2026-05-24 03:01:39,523 - db_logger -INFO - fetch_expenses_for_date called with 2024-08-01
2026-05-24 03:01:41,582 - db_logger -INFO - fetch_expense_summary called with start: 2024-08-01 end: 2024-08-06
2026-05-24 03:04:16,728 - db_logger -INFO - fetch_expenses_for_date called with 2024-08-01
2026-05-24 03:04:20,535 - db_logger -INFO - fetch_expenses_for_date called with 2024-08-01
2026-05-24 03:04:22,595 - db_logger -INFO - fetch_expense_summary called with start: 2024-08-01 end: 2024-08-06
2026-05-24 03:05:40,328 - db_logger -INFO - fetch_expenses_for_date called with 2024-08-01
2026-05-24 03:05:42,391 - db_logger -INFO - fetch_expense_summary called - fetching all months
